2023-02-09 14:26:43,476:INFO:Menu function: Welcome to the checkers game
2023-02-09 14:26:47,275:INFO:Nouvelle partie
2023-02-09 14:27:05,193:INFO:Menu function: Welcome to the checkers game
2023-02-09 14:27:07,794:INFO:Nouvelle partie
2023-02-09 14:27:15,057:INFO:Menu function: Welcome to the checkers game
2023-02-09 14:27:16,491:INFO:Nouvelle partie
2023-02-09 14:27:49,889:INFO:Menu function: Welcome to the checkers game
2023-02-09 14:27:51,131:INFO:Nouvelle partie
2023-02-09 14:28:05,909:INFO:Menu function: Welcome to the checkers game
2023-02-09 14:28:06,577:INFO:Nouvelle partie
2023-02-09 15:05:30,454:INFO:Menu function: Welcome to the checkers game
2023-02-09 15:07:23,546:INFO:Menu function: Welcome to the checkers game
2023-02-09 15:07:27,628:INFO:Nouvelle partie
2023-02-09 15:07:55,945:INFO:Menu function: Welcome to the checkers game
2023-02-09 15:07:56,941:INFO:Nouvelle partie
2023-02-09 15:08:12,873:ERROR:Menu function: choix invalide
2023-02-09 15:09:37,490:INFO:Menu function: Welcome to the checkers game
2023-02-09 15:09:39,039:INFO:Nouvelle partie
2023-02-09 15:09:46,536:ERROR:Menu function: choix invalide
2023-02-09 15:09:49,485:ERROR:Menu function: choix invalide
2023-02-09 15:10:05,290:ERROR:Menu function: choix invalide
2023-02-09 15:14:35,634:INFO:Menu function: Welcome to the checkers game
2023-02-09 15:14:36,762:INFO:Nouvelle partie
2023-02-09 15:15:03,728:INFO:Menu function: Welcome to the checkers game
2023-02-09 15:15:04,643:INFO:Nouvelle partie
2023-02-09 15:24:53,619:INFO:Menu function: Welcome to the checkers game
2023-02-09 15:25:09,383:INFO:Nouvelle partie
2023-02-09 15:25:44,145:INFO:Menu function: Welcome to the checkers game
2023-02-09 15:25:45,137:INFO:Nouvelle partie
2023-02-09 15:26:33,081:ERROR:Menu function: choix invalide
2023-02-09 15:26:35,536:INFO:Menu function: Welcome to the checkers game
2023-02-09 15:26:36,239:INFO:Nouvelle partie
2023-02-09 15:27:21,064:INFO:Menu function: Welcome to the checkers game
2023-02-09 15:27:22,007:INFO:Nouvelle partie
2023-02-09 15:29:52,840:INFO:Nouvelle partie
2023-02-09 15:29:59,856:INFO:Menu function: Welcome to the checkers game
2023-02-09 15:30:00,733:INFO:Nouvelle partie
2023-02-09 15:40:38,786:INFO:Menu function: Welcome to the checkers game
2023-02-09 15:40:40,047:INFO:Nouvelle partie
2023-02-09 15:45:19,527:INFO:Menu function: Welcome to the checkers game
2023-02-09 15:45:36,458:INFO:Menu function: Welcome to the checkers game
2023-02-09 15:45:37,431:INFO:Nouvelle partie
2023-02-09 15:47:36,725:INFO:Menu function: Welcome to the checkers game
2023-02-09 15:47:37,676:INFO:Nouvelle partie
2023-02-09 15:53:59,360:INFO:Menu function: Welcome to the checkers game
2023-02-09 15:54:00,709:INFO:Nouvelle partie
2023-02-09 15:54:09,377:ERROR:Menu function: choix invalide
2023-02-09 15:54:16,052:INFO:Menu function: Welcome to the checkers game
2023-02-09 15:54:16,836:INFO:Nouvelle partie
2023-02-09 15:54:20,532:ERROR:Menu function: choix invalide
2023-02-09 15:54:25,230:INFO:Nouvelle partie
2023-02-09 15:54:28,837:INFO:Menu function: Welcome to the checkers game
2023-02-09 15:54:30,959:INFO:Nouvelle partie
2023-02-09 15:57:42,545:INFO:Menu function: Welcome to the checkers game
2023-02-09 15:57:43,594:INFO:Nouvelle partie
2023-02-09 15:58:35,087:ERROR:Menu function: choix invalide
2023-02-09 15:58:46,231:INFO:Nouvelle partie
2023-02-09 16:00:15,878:INFO:Menu function: Welcome to the checkers game
2023-02-09 16:00:17,492:INFO:Nouvelle partie
2023-02-09 16:01:05,758:INFO:Menu function: Welcome to the checkers game
2023-02-09 16:01:07,892:INFO:Nouvelle partie
2023-02-09 16:01:58,360:INFO:Menu function: Welcome to the checkers game
2023-02-09 16:01:59,386:INFO:Nouvelle partie
2023-02-09 16:02:21,661:INFO:Menu function: Welcome to the checkers game
2023-02-09 16:02:22,811:INFO:Nouvelle partie
2023-02-09 16:03:34,528:INFO:Menu function: Welcome to the checkers game
2023-02-09 16:03:35,222:INFO:Nouvelle partie
2023-02-09 16:11:17,163:INFO:Menu function: Welcome to the checkers game
2023-02-09 16:11:18,439:INFO:Nouvelle partie
2023-02-09 16:23:06,595:INFO:Menu function: Welcome to the checkers game
2023-02-09 16:23:07,944:INFO:Nouvelle partie
2023-02-09 16:27:50,307:INFO:Menu function: Welcome to the checkers game
2023-02-09 16:27:51,409:INFO:Nouvelle partie
2023-02-09 16:37:05,712:INFO:Menu function: Welcome to the checkers game
2023-02-09 16:37:06,812:INFO:Nouvelle partie
2023-02-09 16:44:28,741:INFO:Menu function: Welcome to the checkers game
2023-02-09 16:44:30,984:INFO:Nouvelle partie
2023-02-09 16:52:12,211:INFO:Menu function: Welcome to the checkers game
2023-02-09 16:52:13,495:INFO:Nouvelle partie
2023-02-09 16:52:55,941:INFO:Menu function: Welcome to the checkers game
2023-02-09 16:52:56,756:INFO:Nouvelle partie
2023-02-09 17:00:34,039:INFO:Menu function: Welcome to the checkers game
2023-02-09 17:00:35,062:INFO:Nouvelle partie
2023-02-09 17:01:35,743:INFO:Menu function: Welcome to the checkers game
2023-02-09 17:01:36,540:INFO:Nouvelle partie
2023-02-09 17:04:39,165:INFO:Menu function: Welcome to the checkers game
2023-02-09 17:04:39,856:INFO:Nouvelle partie
2023-02-09 17:05:09,707:INFO:Menu function: Welcome to the checkers game
2023-02-09 17:05:10,382:INFO:Nouvelle partie
2023-02-09 17:06:53,343:INFO:Menu function: Welcome to the checkers game
2023-02-09 17:06:54,142:INFO:Nouvelle partie
2023-02-09 17:07:57,637:INFO:Menu function: Welcome to the checkers game
2023-02-09 17:07:58,210:INFO:Nouvelle partie
2023-02-09 17:08:41,691:ERROR:Menu function: choix invalide
2023-02-09 17:08:43,509:ERROR:Menu function: choix invalide
2023-02-09 17:11:00,610:INFO:Menu function: Welcome to the checkers game
2023-02-09 17:11:01,511:INFO:Nouvelle partie
2023-02-09 17:11:40,821:INFO:Menu function: Welcome to the checkers game
2023-02-09 17:11:44,140:INFO:Nouvelle partie
2023-02-09 17:12:19,846:INFO:Menu function: Welcome to the checkers game
2023-02-09 17:12:20,887:INFO:Nouvelle partie
2023-02-09 17:13:12,187:INFO:Menu function: Welcome to the checkers game
2023-02-09 17:13:13,116:INFO:Nouvelle partie
2023-02-09 17:13:59,797:INFO:Menu function: Welcome to the checkers game
2023-02-09 17:14:00,799:INFO:Nouvelle partie
2023-02-09 17:15:42,608:INFO:Menu function: Welcome to the checkers game
2023-02-09 17:15:43,530:INFO:Nouvelle partie
2023-02-09 17:16:13,544:INFO:Menu function: Welcome to the checkers game
2023-02-09 17:16:14,327:INFO:Nouvelle partie
2023-02-09 17:19:39,788:INFO:Menu function: Welcome to the checkers game
2023-02-09 17:19:40,312:INFO:Nouvelle partie
2023-02-09 17:23:10,761:INFO:Menu function: Welcome to the checkers game
2023-02-09 17:23:11,461:INFO:Nouvelle partie
2023-02-09 17:23:50,408:INFO:Menu function: Welcome to the checkers game
2023-02-09 17:23:58,523:INFO:Nouvelle partie
2023-02-09 17:25:09,594:ERROR:Menu function: choix invalide
2023-02-09 17:25:15,934:INFO:Menu function: Welcome to the checkers game
2023-02-09 17:25:18,191:INFO:Nouvelle partie
2023-02-09 17:26:02,960:ERROR:Menu function: choix invalide
2023-02-13 22:39:42,292:INFO:Menu function: Welcome to the checkers game
2023-02-13 22:39:45,650:INFO:Nouvelle partie
2023-02-13 22:42:01,639:INFO:Menu function: Welcome to the checkers game
2023-02-13 22:42:02,329:INFO:Nouvelle partie
2023-02-13 22:43:18,005:INFO:Menu function: Welcome to the checkers game
2023-02-13 22:43:18,924:INFO:Nouvelle partie
2023-02-13 22:44:45,666:INFO:Menu function: Welcome to the checkers game
2023-02-13 22:44:46,795:INFO:Nouvelle partie
2023-02-13 22:45:56,403:INFO:Menu function: Welcome to the checkers game
2023-02-13 22:45:57,468:INFO:Nouvelle partie
2023-02-13 22:46:34,278:INFO:Menu function: Welcome to the checkers game
2023-02-13 22:46:35,228:INFO:Nouvelle partie
2023-02-13 22:47:46,902:INFO:Menu function: Welcome to the checkers game
2023-02-13 22:47:48,368:INFO:Nouvelle partie
2023-02-13 22:48:39,177:INFO:Menu function: Welcome to the checkers game
2023-02-13 22:48:41,838:INFO:Nouvelle partie
2023-02-13 22:50:28,188:INFO:Menu function: Welcome to the checkers game
2023-02-13 22:50:29,286:INFO:Nouvelle partie
2023-02-13 22:52:02,236:INFO:Menu function: Welcome to the checkers game
2023-02-13 22:52:03,761:INFO:Nouvelle partie
2023-02-13 22:53:07,056:INFO:Menu function: Welcome to the checkers game
2023-02-13 22:53:08,957:INFO:Nouvelle partie
2023-02-13 22:53:55,778:INFO:Menu function: Welcome to the checkers game
2023-02-13 22:53:56,796:INFO:Nouvelle partie
2023-02-13 22:53:56,796:ERROR:Menu function: choix invalide
2023-02-13 22:53:57,200:ERROR:Menu function: choix invalide
2023-02-13 22:53:58,023:ERROR:Menu function: choix invalide
2023-02-13 22:54:02,301:INFO:Nouvelle partie
2023-02-13 22:54:02,302:ERROR:Menu function: choix invalide
2023-02-13 22:54:05,906:INFO:Menu function: Welcome to the checkers game
2023-02-13 22:54:09,115:INFO:Nouvelle partie
2023-02-13 22:54:09,117:ERROR:Menu function: choix invalide
2023-02-13 22:54:35,028:INFO:Menu function: Welcome to the checkers game
2023-02-13 22:54:36,398:INFO:Nouvelle partie
2023-02-13 22:54:44,153:INFO:Menu function: Welcome to the checkers game
2023-02-13 22:54:44,895:ERROR:Menu function: choix invalide
2023-02-13 22:54:46,990:ERROR:Menu function: choix invalide
2023-02-13 22:54:48,469:INFO:Nouvelle partie
2023-02-13 22:57:04,411:INFO:Menu function: Welcome to the checkers game
2023-02-13 22:57:09,621:INFO:Nouvelle partie
2023-02-13 22:58:19,213:INFO:Menu function: Welcome to the checkers game
2023-02-13 22:58:20,055:INFO:Nouvelle partie
2023-02-13 22:58:41,077:ERROR:Menu function: choix invalide
2023-02-13 22:59:17,049:INFO:Menu function: Welcome to the checkers game
2023-02-13 22:59:18,017:INFO:Nouvelle partie
2023-02-13 23:03:03,870:INFO:Menu function: Welcome to the checkers game
2023-02-13 23:03:05,118:INFO:Nouvelle partie
2023-02-13 23:03:37,057:INFO:Menu function: Welcome to the checkers game
2023-02-13 23:03:38,253:INFO:Nouvelle partie
2023-02-13 23:04:59,586:INFO:Menu function: Welcome to the checkers game
2023-02-13 23:05:00,495:INFO:Nouvelle partie
2023-02-13 23:07:02,679:INFO:Menu function: Welcome to the checkers game
2023-02-13 23:07:03,995:INFO:Nouvelle partie
2023-02-13 23:07:59,050:INFO:Menu function: Welcome to the checkers game
2023-02-13 23:08:00,517:INFO:Nouvelle partie
2023-02-13 23:09:54,342:INFO:Menu function: Welcome to the checkers game
2023-02-13 23:09:55,997:INFO:Nouvelle partie
2023-02-13 23:11:45,116:INFO:Menu function: Welcome to the checkers game
2023-02-13 23:11:46,551:ERROR:Menu function: choix invalide
2023-02-13 23:11:50,525:INFO:Nouvelle partie
2023-02-13 23:17:52,960:INFO:Menu function: Welcome to the checkers game
2023-02-13 23:17:54,870:INFO:Nouvelle partie
2023-02-13 23:18:23,744:INFO:Menu function: Welcome to the checkers game
2023-02-13 23:18:29,260:INFO:Nouvelle partie
2023-02-13 23:19:40,413:INFO:Menu function: Welcome to the checkers game
2023-02-13 23:19:41,354:INFO:Nouvelle partie
2023-02-13 23:24:10,500:INFO:Menu function: Welcome to the checkers game
2023-02-13 23:24:11,993:INFO:Nouvelle partie
2023-02-13 23:25:03,716:INFO:Menu function: Welcome to the checkers game
2023-02-13 23:25:05,692:INFO:Nouvelle partie
2023-02-13 23:26:12,835:INFO:Menu function: Welcome to the checkers game
2023-02-13 23:26:14,483:INFO:Nouvelle partie
2023-02-13 23:27:33,033:INFO:Menu function: Welcome to the checkers game
2023-02-13 23:27:35,009:INFO:Nouvelle partie
2023-02-13 23:35:31,194:INFO:Menu function: Welcome to the checkers game
2023-02-13 23:35:32,418:INFO:Nouvelle partie
2023-02-14 11:07:32,631:INFO:Menu function: Welcome to the checkers game
2023-02-14 11:07:34,342:INFO:Nouvelle partie
2023-02-14 11:08:10,855:INFO:Menu function: Welcome to the checkers game
2023-02-14 11:08:12,370:INFO:Nouvelle partie
2023-02-14 11:08:58,849:INFO:Menu function: Welcome to the checkers game
2023-02-14 11:08:59,842:INFO:Nouvelle partie
2023-02-14 11:09:48,867:INFO:Menu function: Welcome to the checkers game
2023-02-14 11:10:27,890:INFO:Menu function: Welcome to the checkers game
2023-02-14 11:10:30,300:INFO:Ancienne partie
2023-02-14 11:10:56,734:INFO:Menu function: Welcome to the checkers game
2023-02-14 11:10:58,508:INFO:Ancienne partie
2023-02-14 11:12:19,948:INFO:Menu function: Welcome to the checkers game
2023-02-14 11:12:21,430:INFO:Ancienne partie
2023-02-14 11:17:15,789:INFO:Menu function: Welcome to the checkers game
2023-02-14 11:17:17,175:INFO:Ancienne partie
2023-02-14 11:18:51,682:INFO:Menu function: Welcome to the checkers game
2023-02-14 11:21:05,338:INFO:Menu function: Welcome to the checkers game
2023-02-14 11:21:07,162:INFO:Ancienne partie
2023-02-14 11:23:00,425:INFO:Menu function: Welcome to the checkers game
2023-02-14 11:23:01,802:INFO:Ancienne partie
2023-02-14 11:36:45,178:INFO:Menu function: Welcome to the checkers game
2023-02-14 11:36:47,126:INFO:Menu function: Quitting the game
2023-02-14 11:36:48,907:INFO:Menu function: Welcome to the checkers game
2023-02-14 11:36:50,589:INFO:Nouvelle partie
2023-02-14 11:37:29,762:INFO:Menu function: Quitting the game
2023-02-14 13:48:35,138:INFO:Menu function: Welcome to the checkers game
2023-02-14 13:48:36,337:INFO:Nouvelle partie
2023-02-14 13:49:29,094:INFO:Menu function: Welcome to the checkers game
2023-02-14 13:49:29,723:INFO:Nouvelle partie
2023-02-14 13:54:24,537:INFO:Menu function: Welcome to the checkers game
2023-02-14 13:54:25,302:INFO:Nouvelle partie
2023-02-14 13:56:18,804:INFO:Menu function: Welcome to the checkers game
2023-02-14 13:56:19,569:INFO:Nouvelle partie
2023-02-14 13:56:58,648:INFO:Menu function: Welcome to the checkers game
2023-02-14 13:56:59,249:INFO:Nouvelle partie
2023-02-14 13:58:10,777:INFO:Menu function: Welcome to the checkers game
2023-02-14 13:58:11,785:INFO:Nouvelle partie
2023-02-14 14:01:35,784:INFO:Menu function: Welcome to the checkers game
2023-02-14 14:01:36,823:INFO:Nouvelle partie
2023-02-14 14:03:35,662:INFO:Menu function: Welcome to the checkers game
2023-02-14 14:03:36,270:INFO:Nouvelle partie
2023-02-14 14:03:53,753:INFO:Menu function: Welcome to the checkers game
2023-02-14 14:03:54,466:INFO:Nouvelle partie
2023-02-14 14:06:26,296:INFO:Menu function: Welcome to the checkers game
2023-02-14 14:06:26,895:INFO:Nouvelle partie
2023-02-14 14:07:30,082:INFO:Menu function: Welcome to the checkers game
2023-02-14 14:07:32,305:INFO:Nouvelle partie
2023-02-14 14:10:46,540:INFO:Menu function: Welcome to the checkers game
2023-02-14 14:10:47,152:INFO:Nouvelle partie
2023-02-14 14:11:04,581:INFO:Menu function: Welcome to the checkers game
2023-02-14 14:11:05,669:INFO:Nouvelle partie
2023-02-14 14:11:41,144:INFO:Menu function: Welcome to the checkers game
2023-02-14 14:11:42,087:INFO:Nouvelle partie
2023-02-14 14:11:53,371:INFO:Menu function: Welcome to the checkers game
2023-02-14 14:11:54,834:ERROR:Menu function: choix invalide
2023-02-14 14:11:56,898:INFO:Nouvelle partie
2023-02-14 14:12:26,762:INFO:Menu function: Welcome to the checkers game
2023-02-14 14:12:28,261:INFO:Nouvelle partie
2023-02-14 14:13:32,751:INFO:Menu function: Welcome to the checkers game
2023-02-14 14:13:33,490:INFO:Nouvelle partie
2023-02-14 14:14:39,415:INFO:Menu function: Welcome to the checkers game
2023-02-14 14:14:40,001:INFO:Nouvelle partie
2023-02-14 14:15:09,259:INFO:Menu function: Welcome to the checkers game
2023-02-14 14:15:09,941:INFO:Nouvelle partie
2023-02-14 14:21:02,532:INFO:Menu function: Welcome to the checkers game
2023-02-14 14:21:03,270:INFO:Nouvelle partie
2023-02-14 14:24:13,944:INFO:Menu function: Welcome to the checkers game
2023-02-14 14:24:14,627:INFO:Nouvelle partie
2023-02-14 14:25:30,486:INFO:Menu function: Welcome to the checkers game
2023-02-14 14:25:31,236:INFO:Nouvelle partie
2023-02-14 14:25:55,842:INFO:Menu function: Welcome to the checkers game
2023-02-14 14:26:00,359:INFO:Nouvelle partie
2023-02-14 14:26:33,819:INFO:Menu function: Welcome to the checkers game
2023-02-14 14:26:35,589:INFO:Nouvelle partie
2023-02-14 14:27:14,728:INFO:Menu function: Welcome to the checkers game
2023-02-14 14:27:16,288:INFO:Nouvelle partie
2023-02-14 14:27:24,374:ERROR:Menu function: choix invalide
2023-02-14 14:27:27,807:ERROR:Menu function: choix invalide
2023-02-14 14:27:40,492:INFO:Nouvelle partie
